#
# A fatal error has been detected by the Java Runtime Environment:
#
#  EXCEPTION_ACCESS_VIOLATION (0xc0000005) at pc=0x00000000775c0895, pid=5888, tid=1040
#
# JRE version: 7.0_02-b13
# Java VM: Java HotSpot(TM) 64-Bit Server VM (22.0-b10 mixed mode windows-amd64 compressed oops)
# Problematic frame:
# C  [ntdll.dll+0x50895]
#
# Failed to write core dump. Minidumps are not enabled by default on client versions of Windows
#
# If you would like to submit a bug report, please visit:
#   http://bugreport.sun.com/bugreport/crash.jsp
#

---------------  T H R E A D  ---------------

Current thread (0x0000000008f2a800):  JavaThread "LWJGL Application" [_thread_in_Java, id=1040, stack(0x0000000009710000,0x0000000009810000)]

siginfo: ExceptionCode=0xc0000005, reading address 0xffffffffffffffff

Registers:
RAX=0x000000000980e098, RBX=0x0000000000000002, RCX=0x000000000980e168, RDX=0x000000000980e0d8
RSP=0x000000000980e088, RBP=0x000007fef0006170, RSI=0x0000000000000020, RDI=0x0000000000000000
R8 =0x0000000009803000, R9 =0x0000000000000003, R10=0x0000000000000000, R11=0x00000000000159ae
R12=0x0000000000000000, R13=0x0000000000000050, R14=0x0000000000000003, R15=0x0000000008f2a800
RIP=0x00000000775c0895, EFLAGS=0x0000000000010202

Top of Stack: (sp=0x000000000980e088)
0x000000000980e088:   0000000000000202 000000007757b239
0x000000000980e098:   000007fffff98000 0000000000000005
0x000000000980e0a8:   00000000093b76f0 61cb498100000001
0x000000000980e0b8:   00000000093b7740 000000000980e8d0
0x000000000980e0c8:   00000000027d743a 00000000027d73d0
0x000000000980e0d8:   0000000009810000 0000000009803000
0x000000000980e0e8:   000000000980e8d0 000000000980e960
0x000000000980e0f8:   00000000027a6038 00000000027a5350
0x000000000980e108:   0000000000000000 000000000980e9b8
0x000000000980e118:   000000000980e960 000000000980e900
0x000000000980e128:   0000000002826740 0000000002826450
0x000000000980e138:   0000000000000000 0000000000000400
0x000000000980e148:   000000000980e900 000000073b5404d1
0x000000000980e158:   aa6a999c000000b6 0000000006b0d9b0
0x000000000980e168:   0000000008f2a800 000000000980e900
0x000000000980e178:   0000000002826740 0000000002826450 

Instructions: (pc=0x00000000775c0895)
0x00000000775c0875:   d0 00 00 00 4c 89 a1 d8 00 00 00 4c 89 a9 e0 00
0x00000000775c0885:   00 00 4c 89 b1 e8 00 00 00 4c 89 b9 f0 00 00 00
0x00000000775c0895:   0f ae 81 00 01 00 00 0f 29 81 a0 01 00 00 0f 29
0x00000000775c08a5:   89 b0 01 00 00 0f 29 91 c0 01 00 00 0f 29 99 d0 


Register to memory mapping:

RAX=0x000000000980e098 is pointing into the stack for thread: 0x0000000008f2a800
RBX=0x0000000000000002 is an unknown value
RCX=0x000000000980e168 is pointing into the stack for thread: 0x0000000008f2a800
RDX=0x000000000980e0d8 is pointing into the stack for thread: 0x0000000008f2a800
RSP=0x000000000980e088 is pointing into the stack for thread: 0x0000000008f2a800
RBP=0x000007fef0006170 is an unknown value
RSI=0x0000000000000020 is an unknown value
RDI=0x0000000000000000 is an unknown value
R8 =0x0000000009803000 is pointing into the stack for thread: 0x0000000008f2a800
R9 =0x0000000000000003 is an unknown value
R10=0x0000000000000000 is an unknown value
R11=0x00000000000159ae is an unknown value
R12=0x0000000000000000 is an unknown value
R13=0x0000000000000050 is an unknown value
R14=0x0000000000000003 is an unknown value
R15=0x0000000008f2a800 is a thread


Stack: [0x0000000009710000,0x0000000009810000],  sp=0x000000000980e088,  free space=1016k
Native frames: (J=compiled Java code, j=interpreted, Vv=VM code, C=native code)
C  [ntdll.dll+0x50895]  RtlCaptureContext+0x85

Java frames: (J=compiled Java code, j=interpreted, Vv=VM code)
v  blob 0x00000000027d74ff
j  com.jcraft.jogg.StreamState.init(I)V+59
j  com.badlogic.gdx.backends.openal.OggInputStream.getPageAndPacket()Z+137
j  com.badlogic.gdx.backends.openal.OggInputStream.readPCM()V+10
j  com.badlogic.gdx.backends.openal.OggInputStream.init()V+5
j  com.badlogic.gdx.backends.openal.OggInputStream.<init>(Ljava/io/InputStream;)V+177
j  com.badlogic.gdx.backends.openal.Ogg$Music.<init>(Lcom/badlogic/gdx/backends/openal/OpenALAudio;Lcom/badlogic/gdx/files/FileHandle;)V+23
v  ~StubRoutines::call_stub
j  sun.reflect.NativeConstructorAccessorImpl.newInstance0(Ljava/lang/reflect/Constructor;[Ljava/lang/Object;)Ljava/lang/Object;+0
j  sun.reflect.NativeConstructorAccessorImpl.newInstance([Ljava/lang/Object;)Ljava/lang/Object;+72
j  sun.reflect.DelegatingConstructorAccessorImpl.newInstance([Ljava/lang/Object;)Ljava/lang/Object;+5
j  java.lang.reflect.Constructor.newInstance([Ljava/lang/Object;)Ljava/lang/Object;+80
j  com.badlogic.gdx.backends.openal.OpenALAudio.newMusic(Lcom/badlogic/gdx/files/FileHandle;)Lcom/badlogic/gdx/backends/openal/OpenALMusic;+92
j  com.badlogic.gdx.backends.openal.OpenALAudio.newMusic(Lcom/badlogic/gdx/files/FileHandle;)Lcom/badlogic/gdx/audio/Music;+2
j  de.philweb.bubblr.tools.BubblrMusic.<init>(Lcom/badlogic/gdx/files/FileHandle;FIIF)V+53
j  de.philweb.bubblr.Assets.load()V+7328
j  de.philweb.bubblr.screens.LoadingScreen.update(F)V+14
j  de.philweb.bubblr.Game.render()V+20
j  com.badlogic.gdx.backends.lwjgl.LwjglApplication.mainLoop()V+501
j  com.badlogic.gdx.backends.lwjgl.LwjglApplication$1.run()V+27
v  ~StubRoutines::call_stub

---------------  P R O C E S S  ---------------

Java Threads: ( => current thread )
  0x0000000009085000 JavaThread "LWJGL Timer" daemon [_thread_blocked, id=3444, stack(0x000000000cef0000,0x000000000cff0000)]
  0x0000000008ee7800 JavaThread "DestroyJavaVM" [_thread_blocked, id=5240, stack(0x00000000026a0000,0x00000000027a0000)]
=>0x0000000008f2a800 JavaThread "LWJGL Application" [_thread_in_Java, id=1040, stack(0x0000000009710000,0x0000000009810000)]
  0x0000000006b20800 JavaThread "Service Thread" daemon [_thread_blocked, id=5552, stack(0x0000000007a30000,0x0000000007b30000)]
  0x0000000006b1f800 JavaThread "C2 CompilerThread1" daemon [_thread_blocked, id=2016, stack(0x0000000007080000,0x0000000007180000)]
  0x0000000006b18800 JavaThread "C2 CompilerThread0" daemon [_thread_blocked, id=4420, stack(0x0000000007840000,0x0000000007940000)]
  0x0000000006b17000 JavaThread "Attach Listener" daemon [_thread_blocked, id=5376, stack(0x0000000007630000,0x0000000007730000)]
  0x0000000006b07800 JavaThread "Signal Dispatcher" daemon [_thread_blocked, id=5136, stack(0x0000000007480000,0x0000000007580000)]
  0x0000000006a1f000 JavaThread "Finalizer" daemon [_thread_blocked, id=5996, stack(0x0000000007350000,0x0000000007450000)]
  0x0000000006a16000 JavaThread "Reference Handler" daemon [_thread_blocked, id=3168, stack(0x00000000071e0000,0x00000000072e0000)]

Other Threads:
  0x0000000006a06000 VMThread [stack: 0x0000000006f40000,0x0000000007040000] [id=4636]
  0x0000000006b31800 WatcherThread [stack: 0x0000000007b60000,0x0000000007c60000] [id=5776]

VM state:not at safepoint (normal execution)

VM Mutex/Monitor currently owned by a thread: None

Heap
 PSYoungGen      total 57344K, used 13111K [0x00000007c0000000, 0x00000007c4000000, 0x0000000800000000)
  eden space 49152K, 26% used [0x00000007c0000000,0x00000007c0ccdf10,0x00000007c3000000)
  from space 8192K, 0% used [0x00000007c3800000,0x00000007c3800000,0x00000007c4000000)
  to   space 8192K, 0% used [0x00000007c3000000,0x00000007c3000000,0x00000007c3800000)
 PSOldGen        total 131072K, used 0K [0x0000000740000000, 0x0000000748000000, 0x00000007c0000000)
  object space 131072K, 0% used [0x0000000740000000,0x0000000740000000,0x0000000748000000)
 PSPermGen       total 21248K, used 7611K [0x000000073ae00000, 0x000000073c2c0000, 0x0000000740000000)
  object space 21248K, 35% used [0x000000073ae00000,0x000000073b56ee40,0x000000073c2c0000)

Code Cache  [0x00000000027a0000, 0x0000000002a10000, 0x00000000057a0000)
 total_blobs=412 nmethods=39 adapters=326 free_code_cache=48602Kb largest_free_block=49747520

Dynamic libraries:
0x000000013fd30000 - 0x000000013fd63000 	C:\Program Files\Java\jre7\bin\javaw.exe
0x0000000077570000 - 0x0000000077719000 	C:\Windows\SYSTEM32\ntdll.dll
0x00000000771a0000 - 0x00000000772bf000 	C:\Windows\system32\kernel32.dll
0x000007fefdb20000 - 0x000007fefdb8c000 	C:\Windows\system32\KERNELBASE.dll
0x000007feff450000 - 0x000007feff52b000 	C:\Windows\system32\ADVAPI32.dll
0x000007feff3b0000 - 0x000007feff44f000 	C:\Windows\system32\msvcrt.dll
0x000007fefec70000 - 0x000007fefec8f000 	C:\Windows\SYSTEM32\sechost.dll
0x000007fefeb40000 - 0x000007fefec6d000 	C:\Windows\system32\RPCRT4.dll
0x00000000770a0000 - 0x000000007719a000 	C:\Windows\system32\USER32.dll
0x000007feff530000 - 0x000007feff597000 	C:\Windows\system32\GDI32.dll
0x000007feff3a0000 - 0x000007feff3ae000 	C:\Windows\system32\LPK.dll
0x000007feff1c0000 - 0x000007feff289000 	C:\Windows\system32\USP10.dll
0x000007fefc480000 - 0x000007fefc674000 	C:\Windows\WinSxS\amd64_microsoft.windows.common-controls_6595b64144ccf1df_6.0.7601.17514_none_fa396087175ac9ac\COMCTL32.dll
0x000007fefeda0000 - 0x000007fefee11000 	C:\Windows\system32\SHLWAPI.dll
0x000007fefd8a0000 - 0x000007fefd8f7000 	C:\Windows\system32\apphelp.dll
0x000007feefe30000 - 0x000007fef0297000 	C:\Windows\AppPatch\AppPatch64\AcXtrnal.DLL
0x000007fefec90000 - 0x000007fefecbe000 	C:\Windows\system32\IMM32.DLL
0x000007feff290000 - 0x000007feff399000 	C:\Windows\system32\MSCTF.dll
0x000000005ff80000 - 0x0000000060051000 	C:\Program Files\Java\jre7\bin\msvcr100.dll
0x000000005f8a0000 - 0x000000005ff7a000 	C:\Program Files\Java\jre7\bin\server\jvm.dll
0x000007fef93c0000 - 0x000007fef93c9000 	C:\Windows\system32\WSOCK32.dll
0x000007fefeee0000 - 0x000007fefef2d000 	C:\Windows\system32\WS2_32.dll
0x000007fefeb30000 - 0x000007fefeb38000 	C:\Windows\system32\NSI.dll
0x000007fefb680000 - 0x000007fefb6bb000 	C:\Windows\system32\WINMM.dll
0x0000000077730000 - 0x0000000077737000 	C:\Windows\system32\PSAPI.DLL
0x000000006ede0000 - 0x000000006edef000 	C:\Program Files\Java\jre7\bin\verify.dll
0x00000000639d0000 - 0x00000000639f8000 	C:\Program Files\Java\jre7\bin\java.dll
0x0000000063790000 - 0x00000000637a5000 	C:\Program Files\Java\jre7\bin\zip.dll
0x0000000065580000 - 0x000000006560d000 	C:\Users\andre\AppData\Local\Temp\libgdxandre\4212671043\gdx64.dll
0x0000000180000000 - 0x0000000180050000 	C:\Users\andre\AppData\Local\Temp\libgdxandre\4212671043\lwjgl64.dll
0x000007fef17b0000 - 0x000007fef18cd000 	C:\Windows\system32\OPENGL32.dll
0x000007fef7b60000 - 0x000007fef7b8d000 	C:\Windows\system32\GLU32.dll
0x000007fef7250000 - 0x000007fef7341000 	C:\Windows\system32\DDRAW.dll
0x000007fefbb10000 - 0x000007fefbb18000 	C:\Windows\system32\DCIMAN32.dll
0x000007feff600000 - 0x000007feff7d7000 	C:\Windows\system32\SETUPAPI.dll
0x000007fefdae0000 - 0x000007fefdb16000 	C:\Windows\system32\CFGMGR32.dll
0x000007fefecc0000 - 0x000007fefed97000 	C:\Windows\system32\OLEAUT32.dll
0x000007fefef30000 - 0x000007feff133000 	C:\Windows\system32\ole32.dll
0x000007fefdac0000 - 0x000007fefdada000 	C:\Windows\system32\DEVOBJ.dll
0x000007fefbd60000 - 0x000007fefbd78000 	C:\Windows\system32\dwmapi.dll
0x000007fefcb10000 - 0x000007fefcb1c000 	C:\Windows\system32\VERSION.dll
0x00000000006b0000 - 0x0000000000712000 	C:\Users\andre\AppData\Local\Temp\libgdxandre\4212671043\OpenAL64.dll
0x000007fefdda0000 - 0x000007fefeb28000 	C:\Windows\system32\SHELL32.dll
0x000007fefd900000 - 0x000007fefd90f000 	C:\Windows\system32\CRYPTBASE.dll
0x000007fefc140000 - 0x000007fefc196000 	C:\Windows\system32\uxtheme.dll
0x000007fefee20000 - 0x000007fefeeb9000 	C:\Windows\system32\CLBCatQ.DLL
0x000007fefc1f0000 - 0x000007fefc31c000 	C:\Windows\System32\PROPSYS.dll
0x000007fefda80000 - 0x000007fefdab9000 	C:\Windows\system32\WINTRUST.dll
0x000007fefdc30000 - 0x000007fefdd9a000 	C:\Windows\system32\CRYPT32.dll
0x000007fefda70000 - 0x000007fefda7f000 	C:\Windows\system32\MSASN1.dll
0x000007fef1720000 - 0x000007fef17a8000 	C:\Windows\system32\dsound.dll
0x000007fefc3a0000 - 0x000007fefc3cc000 	C:\Windows\system32\POWRPROF.dll
0x000007fefc350000 - 0x000007fefc39b000 	C:\Windows\System32\MMDevApi.dll
0x000007fefb560000 - 0x000007fefb5af000 	C:\Windows\system32\AUDIOSES.DLL
0x000000005df20000 - 0x000000005f871000 	C:\Windows\system32\nvoglv64.DLL
0x000007fefb7b0000 - 0x000007fefb7dd000 	C:\Windows\system32\ntmarta.dll
0x000007feff5a0000 - 0x000007feff5f2000 	C:\Windows\system32\WLDAP32.dll
0x000007fefaf40000 - 0x000007fefafdc000 	C:\Windows\system32\mscms.dll
0x000007fefcd20000 - 0x000007fefcd3e000 	C:\Windows\system32\USERENV.dll
0x000007fefd9d0000 - 0x000007fefd9df000 	C:\Windows\system32\profapi.dll
0x000007fef7200000 - 0x000007fef7242000 	C:\Windows\system32\icm32.dll

VM Arguments:
jvm_args: -Dfile.encoding=Cp1252 
java_command: de.philweb.bubblr.BubblrDesktop
Launcher Type: SUN_STANDARD

Environment Variables:
PATH=C:\Program Files (x86)\NVIDIA Corporation\PhysX\Common;C:\Program Files\Common Files\Microsoft Shared\Windows Live;C:\Windows\system32;C:\Windows;C:\Windows\System32\Wbem;C:\Windows\System32\WindowsPowerShell\v1.0\;C:\Program Files\Symantec\Workspace Virtualization\;C:\Program Files\TortoiseSVN\bin;C:\Program Files (x86)\MKVToolNix;C:\Program Files\Common Files\Microsoft Shared\Windows Live;C:\Program Files (x86)\Nmap
USERNAME=andre
OS=Windows_NT
PROCESSOR_IDENTIFIER=AMD64 Family 16 Model 4 Stepping 3, AuthenticAMD



---------------  S Y S T E M  ---------------

OS: Windows 7 , 64 bit Build 7601 Service Pack 1

CPU:total 4 (4 cores per cpu, 1 threads per core) family 16 model 4 stepping 3, cmov, cx8, fxsr, mmx, sse, sse2, sse3, popcnt, mmxext, 3dnowpref, lzcnt, sse4a

Memory: 4k page, physical 12581048k(9099632k free), swap 12579196k(8496660k free)

vm_info: Java HotSpot(TM) 64-Bit Server VM (22.0-b10) for windows-amd64 JRE (1.7.0_02-b13), built on Nov 17 2011 13:51:15 by "java_re" with unknown MS VC++:1600

time: Fri Jan 04 18:54:21 2013
elapsed time: 4 seconds

