#
# A fatal error has been detected by the Java Runtime Environment:
#
#  EXCEPTION_ACCESS_VIOLATION (0xc0000005) at pc=0x00000000775c0895, pid=4324, tid=5872
#
# JRE version: 7.0_02-b13
# Java VM: Java HotSpot(TM) 64-Bit Server VM (22.0-b10 mixed mode windows-amd64 compressed oops)
# Problematic frame:
# C  [ntdll.dll+0x50895]
#
# Failed to write core dump. Minidumps are not enabled by default on client versions of Windows
#
# If you would like to submit a bug report, please visit:
#   http://bugreport.sun.com/bugreport/crash.jsp
#

---------------  T H R E A D  ---------------

Current thread (0x00000000081d9000):  JavaThread "LWJGL Application" [_thread_in_Java, id=5872, stack(0x00000000097e0000,0x00000000098e0000)]

siginfo: ExceptionCode=0xc0000005, reading address 0xffffffffffffffff

Registers:
RAX=0x00000000098de248, RBX=0x0000000000000002, RCX=0x00000000098de318, RDX=0x00000000098de288
RSP=0x00000000098de238, RBP=0x000007fef0476060, RSI=0x0000000000000020, RDI=0x0000000000000000
R8 =0x00000000098d3000, R9 =0x0000000000000003, R10=0x0000000000000000, R11=0x00000000000159ad
R12=0x0000000000000000, R13=0x0000000000000050, R14=0x0000000000000003, R15=0x00000000081d9000
RIP=0x00000000775c0895, EFLAGS=0x0000000000010202

Top of Stack: (sp=0x00000000098de238)
0x00000000098de238:   0000000000000202 000000007757b239
0x00000000098de248:   000007fffff98000 0000000000000005
0x00000000098de258:   000000000db92150 61cb498100000001
0x00000000098de268:   000000000db921a0 00000000098dea80
0x00000000098de278:   000000000276743a 00000000027673d0
0x00000000098de288:   00000000098e0000 00000000098d3000
0x00000000098de298:   00000000098dea80 00000000098deb10
0x00000000098de2a8:   0000000002736038 0000000002735350
0x00000000098de2b8:   0000000000000000 00000000098deb68
0x00000000098de2c8:   00000000098deb10 00000000098deab0
0x00000000098de2d8:   00000000027b6740 00000000027b6450
0x00000000098de2e8:   0000000000000000 0000000000000400
0x00000000098de2f8:   00000000098deab0 000000073b5404d1
0x00000000098de308:   aa6a999c000000b6 0000000006b2d9b0
0x00000000098de318:   00000000081d9000 00000000098deab0
0x00000000098de328:   00000000027b6740 00000000027b6450 

Instructions: (pc=0x00000000775c0895)
0x00000000775c0875:   d0 00 00 00 4c 89 a1 d8 00 00 00 4c 89 a9 e0 00
0x00000000775c0885:   00 00 4c 89 b1 e8 00 00 00 4c 89 b9 f0 00 00 00
0x00000000775c0895:   0f ae 81 00 01 00 00 0f 29 81 a0 01 00 00 0f 29
0x00000000775c08a5:   89 b0 01 00 00 0f 29 91 c0 01 00 00 0f 29 99 d0 


Register to memory mapping:

RAX=0x00000000098de248 is pointing into the stack for thread: 0x00000000081d9000
RBX=0x0000000000000002 is an unknown value
RCX=0x00000000098de318 is pointing into the stack for thread: 0x00000000081d9000
RDX=0x00000000098de288 is pointing into the stack for thread: 0x00000000081d9000
RSP=0x00000000098de238 is pointing into the stack for thread: 0x00000000081d9000
RBP=0x000007fef0476060 is an unknown value
RSI=0x0000000000000020 is an unknown value
RDI=0x0000000000000000 is an unknown value
R8 =0x00000000098d3000 is pointing into the stack for thread: 0x00000000081d9000
R9 =0x0000000000000003 is an unknown value
R10=0x0000000000000000 is an unknown value
R11=0x00000000000159ad is an unknown value
R12=0x0000000000000000 is an unknown value
R13=0x0000000000000050 is an unknown value
R14=0x0000000000000003 is an unknown value
R15=0x00000000081d9000 is a thread


Stack: [0x00000000097e0000,0x00000000098e0000],  sp=0x00000000098de238,  free space=1016k
Native frames: (J=compiled Java code, j=interpreted, Vv=VM code, C=native code)
C  [ntdll.dll+0x50895]  RtlCaptureContext+0x85

Java frames: (J=compiled Java code, j=interpreted, Vv=VM code)
v  blob 0x00000000027674ff
j  com.jcraft.jogg.StreamState.init(I)V+59
j  com.badlogic.gdx.backends.openal.OggInputStream.getPageAndPacket()Z+137
j  com.badlogic.gdx.backends.openal.OggInputStream.readPCM()V+10
j  com.badlogic.gdx.backends.openal.OggInputStream.init()V+5
j  com.badlogic.gdx.backends.openal.OggInputStream.<init>(Ljava/io/InputStream;)V+177
j  com.badlogic.gdx.backends.openal.Ogg$Music.<init>(Lcom/badlogic/gdx/backends/openal/OpenALAudio;Lcom/badlogic/gdx/files/FileHandle;)V+23
v  ~StubRoutines::call_stub
j  sun.reflect.NativeConstructorAccessorImpl.newInstance0(Ljava/lang/reflect/Constructor;[Ljava/lang/Object;)Ljava/lang/Object;+0
j  sun.reflect.NativeConstructorAccessorImpl.newInstance([Ljava/lang/Object;)Ljava/lang/Object;+72
j  sun.reflect.DelegatingConstructorAccessorImpl.newInstance([Ljava/lang/Object;)Ljava/lang/Object;+5
j  java.lang.reflect.Constructor.newInstance([Ljava/lang/Object;)Ljava/lang/Object;+80
j  com.badlogic.gdx.backends.openal.OpenALAudio.newMusic(Lcom/badlogic/gdx/files/FileHandle;)Lcom/badlogic/gdx/backends/openal/OpenALMusic;+92
j  com.badlogic.gdx.backends.openal.OpenALAudio.newMusic(Lcom/badlogic/gdx/files/FileHandle;)Lcom/badlogic/gdx/audio/Music;+2
j  de.philweb.bubblr.tools.BubblrMusic.<init>(Lcom/badlogic/gdx/files/FileHandle;FIIF)V+53
j  de.philweb.bubblr.Assets.load()V+7328
j  de.philweb.bubblr.screens.LoadingScreen.update(F)V+14
j  de.philweb.bubblr.Game.render()V+20
j  com.badlogic.gdx.backends.lwjgl.LwjglApplication.mainLoop()V+501
j  com.badlogic.gdx.backends.lwjgl.LwjglApplication$1.run()V+27
v  ~StubRoutines::call_stub

---------------  P R O C E S S  ---------------

Java Threads: ( => current thread )
  0x00000000093c7000 JavaThread "LWJGL Timer" daemon [_thread_blocked, id=4212, stack(0x000000000bf90000,0x000000000c090000)]
  0x00000000081da000 JavaThread "DestroyJavaVM" [_thread_blocked, id=1392, stack(0x00000000024e0000,0x00000000025e0000)]
=>0x00000000081d9000 JavaThread "LWJGL Application" [_thread_in_Java, id=5872, stack(0x00000000097e0000,0x00000000098e0000)]
  0x0000000006b3e800 JavaThread "Service Thread" daemon [_thread_blocked, id=5764, stack(0x0000000007b60000,0x0000000007c60000)]
  0x0000000006b3d800 JavaThread "C2 CompilerThread1" daemon [_thread_blocked, id=5860, stack(0x0000000007a60000,0x0000000007b60000)]
  0x0000000006b38800 JavaThread "C2 CompilerThread0" daemon [_thread_blocked, id=5416, stack(0x0000000007840000,0x0000000007940000)]
  0x0000000006b37000 JavaThread "Attach Listener" daemon [_thread_blocked, id=2208, stack(0x00000000075d0000,0x00000000076d0000)]
  0x0000000006b27800 JavaThread "Signal Dispatcher" daemon [_thread_blocked, id=5232, stack(0x0000000007420000,0x0000000007520000)]
  0x0000000006a3f000 JavaThread "Finalizer" daemon [_thread_blocked, id=6132, stack(0x0000000007280000,0x0000000007380000)]
  0x0000000006a36000 JavaThread "Reference Handler" daemon [_thread_blocked, id=4480, stack(0x0000000007090000,0x0000000007190000)]

Other Threads:
  0x0000000006a26000 VMThread [stack: 0x0000000006ef0000,0x0000000006ff0000] [id=2764]
  0x0000000006b4f800 WatcherThread [stack: 0x0000000007d20000,0x0000000007e20000] [id=5740]

VM state:not at safepoint (normal execution)

VM Mutex/Monitor currently owned by a thread: None

Heap
 PSYoungGen      total 57344K, used 13111K [0x00000007c0000000, 0x00000007c4000000, 0x0000000800000000)
  eden space 49152K, 26% used [0x00000007c0000000,0x00000007c0ccdf10,0x00000007c3000000)
  from space 8192K, 0% used [0x00000007c3800000,0x00000007c3800000,0x00000007c4000000)
  to   space 8192K, 0% used [0x00000007c3000000,0x00000007c3000000,0x00000007c3800000)
 PSOldGen        total 131072K, used 0K [0x0000000740000000, 0x0000000748000000, 0x00000007c0000000)
  object space 131072K, 0% used [0x0000000740000000,0x0000000740000000,0x0000000748000000)
 PSPermGen       total 21248K, used 7611K [0x000000073ae00000, 0x000000073c2c0000, 0x0000000740000000)
  object space 21248K, 35% used [0x000000073ae00000,0x000000073b56ee40,0x000000073c2c0000)

Code Cache  [0x0000000002730000, 0x00000000029a0000, 0x0000000005730000)
 total_blobs=412 nmethods=39 adapters=326 free_code_cache=48602Kb largest_free_block=49747456

Dynamic libraries:
0x000000013f200000 - 0x000000013f233000 	C:\Program Files\Java\jre7\bin\javaw.exe
0x0000000077570000 - 0x0000000077719000 	C:\Windows\SYSTEM32\ntdll.dll
0x00000000771a0000 - 0x00000000772bf000 	C:\Windows\system32\kernel32.dll
0x000007fefdb20000 - 0x000007fefdb8c000 	C:\Windows\system32\KERNELBASE.dll
0x000007feff450000 - 0x000007feff52b000 	C:\Windows\system32\ADVAPI32.dll
0x000007feff3b0000 - 0x000007feff44f000 	C:\Windows\system32\msvcrt.dll
0x000007fefec70000 - 0x000007fefec8f000 	C:\Windows\SYSTEM32\sechost.dll
0x000007fefeb40000 - 0x000007fefec6d000 	C:\Windows\system32\RPCRT4.dll
0x00000000770a0000 - 0x000000007719a000 	C:\Windows\system32\USER32.dll
0x000007feff530000 - 0x000007feff597000 	C:\Windows\system32\GDI32.dll
0x000007feff3a0000 - 0x000007feff3ae000 	C:\Windows\system32\LPK.dll
0x000007feff1c0000 - 0x000007feff289000 	C:\Windows\system32\USP10.dll
0x000007fefc480000 - 0x000007fefc674000 	C:\Windows\WinSxS\amd64_microsoft.windows.common-controls_6595b64144ccf1df_6.0.7601.17514_none_fa396087175ac9ac\COMCTL32.dll
0x000007fefeda0000 - 0x000007fefee11000 	C:\Windows\system32\SHLWAPI.dll
0x000007fefd8a0000 - 0x000007fefd8f7000 	C:\Windows\system32\apphelp.dll
0x000007fef02a0000 - 0x000007fef0707000 	C:\Windows\AppPatch\AppPatch64\AcXtrnal.DLL
0x000007fefec90000 - 0x000007fefecbe000 	C:\Windows\system32\IMM32.DLL
0x000007feff290000 - 0x000007feff399000 	C:\Windows\system32\MSCTF.dll
0x000000005ff80000 - 0x0000000060051000 	C:\Program Files\Java\jre7\bin\msvcr100.dll
0x000000005f8a0000 - 0x000000005ff7a000 	C:\Program Files\Java\jre7\bin\server\jvm.dll
0x000007fef93c0000 - 0x000007fef93c9000 	C:\Windows\system32\WSOCK32.dll
0x000007fefeee0000 - 0x000007fefef2d000 	C:\Windows\system32\WS2_32.dll
0x000007fefeb30000 - 0x000007fefeb38000 	C:\Windows\system32\NSI.dll
0x000007fefb680000 - 0x000007fefb6bb000 	C:\Windows\system32\WINMM.dll
0x0000000077730000 - 0x0000000077737000 	C:\Windows\system32\PSAPI.DLL
0x000000006ede0000 - 0x000000006edef000 	C:\Program Files\Java\jre7\bin\verify.dll
0x00000000639d0000 - 0x00000000639f8000 	C:\Program Files\Java\jre7\bin\java.dll
0x0000000063790000 - 0x00000000637a5000 	C:\Program Files\Java\jre7\bin\zip.dll
0x0000000065580000 - 0x000000006560d000 	C:\Users\andre\AppData\Local\Temp\libgdxandre\4212671043\gdx64.dll
0x0000000180000000 - 0x0000000180050000 	C:\Users\andre\AppData\Local\Temp\libgdxandre\4212671043\lwjgl64.dll
0x000007fef7230000 - 0x000007fef734d000 	C:\Windows\system32\OPENGL32.dll
0x000007fef7200000 - 0x000007fef722d000 	C:\Windows\system32\GLU32.dll
0x000007fef17d0000 - 0x000007fef18c1000 	C:\Windows\system32\DDRAW.dll
0x000007fefbb20000 - 0x000007fefbb28000 	C:\Windows\system32\DCIMAN32.dll
0x000007feff600000 - 0x000007feff7d7000 	C:\Windows\system32\SETUPAPI.dll
0x000007fefdae0000 - 0x000007fefdb16000 	C:\Windows\system32\CFGMGR32.dll
0x000007fefecc0000 - 0x000007fefed97000 	C:\Windows\system32\OLEAUT32.dll
0x000007fefef30000 - 0x000007feff133000 	C:\Windows\system32\ole32.dll
0x000007fefdac0000 - 0x000007fefdada000 	C:\Windows\system32\DEVOBJ.dll
0x000007fefbd60000 - 0x000007fefbd78000 	C:\Windows\system32\dwmapi.dll
0x000007fefcb10000 - 0x000007fefcb1c000 	C:\Windows\system32\VERSION.dll
0x00000000002c0000 - 0x0000000000322000 	C:\Users\andre\AppData\Local\Temp\libgdxandre\4212671043\OpenAL64.dll
0x000007fefdda0000 - 0x000007fefeb28000 	C:\Windows\system32\SHELL32.dll
0x000007fefd900000 - 0x000007fefd90f000 	C:\Windows\system32\CRYPTBASE.dll
0x000007fefc140000 - 0x000007fefc196000 	C:\Windows\system32\uxtheme.dll
0x000007fefee20000 - 0x000007fefeeb9000 	C:\Windows\system32\CLBCatQ.DLL
0x000007fefc1f0000 - 0x000007fefc31c000 	C:\Windows\System32\PROPSYS.dll
0x000007fefda80000 - 0x000007fefdab9000 	C:\Windows\system32\WINTRUST.dll
0x000007fefdc30000 - 0x000007fefdd9a000 	C:\Windows\system32\CRYPT32.dll
0x000007fefda70000 - 0x000007fefda7f000 	C:\Windows\system32\MSASN1.dll
0x000007fef1740000 - 0x000007fef17c8000 	C:\Windows\system32\dsound.dll
0x000007fefc3a0000 - 0x000007fefc3cc000 	C:\Windows\system32\POWRPROF.dll
0x000007fefc350000 - 0x000007fefc39b000 	C:\Windows\System32\MMDevApi.dll
0x000007fefb560000 - 0x000007fefb5af000 	C:\Windows\system32\AUDIOSES.DLL
0x0000000060cf0000 - 0x0000000062641000 	C:\Windows\system32\nvoglv64.DLL
0x000007fefb7b0000 - 0x000007fefb7dd000 	C:\Windows\system32\ntmarta.dll
0x000007feff5a0000 - 0x000007feff5f2000 	C:\Windows\system32\WLDAP32.dll
0x000007fefaf40000 - 0x000007fefafdc000 	C:\Windows\system32\mscms.dll
0x000007fefcd20000 - 0x000007fefcd3e000 	C:\Windows\system32\USERENV.dll
0x000007fefd9d0000 - 0x000007fefd9df000 	C:\Windows\system32\profapi.dll
0x000007fef1690000 - 0x000007fef16d2000 	C:\Windows\system32\icm32.dll

VM Arguments:
jvm_args: -Dfile.encoding=Cp1252 
java_command: de.philweb.bubblr.BubblrDesktop
Launcher Type: SUN_STANDARD

Environment Variables:
PATH=C:\Program Files (x86)\NVIDIA Corporation\PhysX\Common;C:\Program Files\Common Files\Microsoft Shared\Windows Live;C:\Windows\system32;C:\Windows;C:\Windows\System32\Wbem;C:\Windows\System32\WindowsPowerShell\v1.0\;C:\Program Files\Symantec\Workspace Virtualization\;C:\Program Files\TortoiseSVN\bin;C:\Program Files (x86)\MKVToolNix;C:\Program Files\Common Files\Microsoft Shared\Windows Live;C:\Program Files (x86)\Nmap
USERNAME=andre
OS=Windows_NT
PROCESSOR_IDENTIFIER=AMD64 Family 16 Model 4 Stepping 3, AuthenticAMD



---------------  S Y S T E M  ---------------

OS: Windows 7 , 64 bit Build 7601 Service Pack 1

CPU:total 4 (4 cores per cpu, 1 threads per core) family 16 model 4 stepping 3, cmov, cx8, fxsr, mmx, sse, sse2, sse3, popcnt, mmxext, 3dnowpref, lzcnt, sse4a

Memory: 4k page, physical 12581048k(9107932k free), swap 12579196k(8500908k free)

vm_info: Java HotSpot(TM) 64-Bit Server VM (22.0-b10) for windows-amd64 JRE (1.7.0_02-b13), built on Nov 17 2011 13:51:15 by "java_re" with unknown MS VC++:1600

time: Fri Jan 04 18:53:56 2013
elapsed time: 4 seconds

